<?xml version="1.0" encoding="UTF-8"?>
<!-- Generated by org.testng.reporters.JUnitReportReporter -->
<testsuite hostname="vivo-S500CA" name="tests.neurobomber.IntroTest" tests="1" failures="0" timestamp="19 Apr 2015 02:14:49 GMT" time="6.207" errors="0">
  <testcase name="FirstTest" time="6.207" classname="tests.neurobomber.IntroTest"/>
</testsuite> <!-- tests.neurobomber.IntroTest -->
